<?xml version="1.0" encoding="UTF-8"?>
<testng-results skipped="0" failed="0" ignored="0" total="1" passed="1">
  <reporter-output>
  </reporter-output>
  <suite name="Default suite" duration-ms="15687" started-at="2018-04-13T14:22:09Z" finished-at="2018-04-13T14:22:25Z">
    <groups>
    </groups>
    <test name="Default test" duration-ms="15687" started-at="2018-04-13T14:22:09Z" finished-at="2018-04-13T14:22:25Z">
      <class name="Jenk.Demo1">
        <test-method status="PASS" signature="Test()[pri:0, instance:Jenk.Demo1@5d5eef3d]" name="Test" duration-ms="15637" started-at="2018-04-13T19:52:09Z" finished-at="2018-04-13T19:52:25Z">
          <reporter-output>
          </reporter-output>
        </test-method> <!-- Test -->
      </class> <!-- Jenk.Demo1 -->
    </test> <!-- Default test -->
  </suite> <!-- Default suite -->
</testng-results>
