<?xml version="1.0" encoding="UTF-8"?>
<testng-results skipped="0" failed="0" ignored="0" total="1" passed="1">
  <reporter-output>
  </reporter-output>
  <suite name="Suite" duration-ms="16597" started-at="2018-04-13T14:39:55Z" finished-at="2018-04-13T14:40:12Z">
    <groups>
    </groups>
    <test name="Test" duration-ms="16597" started-at="2018-04-13T14:39:55Z" finished-at="2018-04-13T14:40:12Z">
      <class name="Jenk.Demo1">
        <test-method status="PASS" signature="Test()[pri:0, instance:Jenk.Demo1@6a4f787b]" name="Test" duration-ms="16564" started-at="2018-04-13T14:39:55Z" finished-at="2018-04-13T14:40:12Z">
          <reporter-output>
          </reporter-output>
        </test-method> <!-- Test -->
      </class> <!-- Jenk.Demo1 -->
    </test> <!-- Test -->
  </suite> <!-- Suite -->
</testng-results>
